{"C:\\meusprojetos\\testes\\negocios\\files.test.js":{"path":"C:\\meusprojetos\\testes\\negocios\\files.test.js","s":{"1":1,"2":1,"3":1,"4":1,"5":1,"6":1,"7":2,"8":2,"9":1,"10":1,"11":1,"12":1,"13":1,"14":1,"15":1,"16":1,"17":1,"18":1,"19":1,"20":1,"21":1,"22":1},"b":{},"f":{},"fnMap":{},"statementMap":{"1":{"start":{"line":1,"column":0},"end":{"line":1,"column":32}},"2":{"start":{"line":2,"column":0},"end":{"line":2,"column":37}},"3":{"start":{"line":4,"column":0},"end":{"line":4,"column":24}},"4":{"start":{"line":5,"column":0},"end":{"line":5,"column":30}},"5":{"start":{"line":7,"column":0},"end":{"line":33,"column":2}},"6":{"start":{"line":8,"column":2},"end":{"line":11,"column":4}},"7":{"start":{"line":9,"column":4},"end":{"line":9,"column":24}},"8":{"start":{"line":10,"column":4},"end":{"line":10,"column":10}},"9":{"start":{"line":12,"column":2},"end":{"line":21,"column":4}},"10":{"start":{"line":13,"column":0},"end":{"line":15,"column":2}},"11":{"start":{"line":14,"column":2},"end":{"line":14,"column":25}},"12":{"start":{"line":16,"column":0},"end":{"line":16,"column":17}},"13":{"start":{"line":17,"column":0},"end":{"line":20,"column":2}},"14":{"start":{"line":18,"column":2},"end":{"line":18,"column":33}},"15":{"start":{"line":19,"column":2},"end":{"line":19,"column":54}},"16":{"start":{"line":22,"column":2},"end":{"line":32,"column":8}},"17":{"start":{"line":23,"column":4},"end":{"line":25,"column":6}},"18":{"start":{"line":24,"column":6},"end":{"line":24,"column":17}},"19":{"start":{"line":26,"column":4},"end":{"line":26,"column":21}},"20":{"start":{"line":27,"column":4},"end":{"line":31,"column":6}},"21":{"start":{"line":29,"column":6},"end":{"line":29,"column":35}},"22":{"start":{"line":30,"column":6},"end":{"line":30,"column":58}}},"branchMap":{}},"C:\\meusprojetos\\testes\\negocios\\files.js":{"path":"C:\\meusprojetos\\testes\\negocios\\files.js","s":{"1":1,"2":1,"3":2,"4":2,"5":2,"6":1,"7":1,"8":1},"b":{"1":[1,1]},"f":{},"fnMap":{},"statementMap":{"1":{"start":{"line":1,"column":0},"end":{"line":1,"column":24}},"2":{"start":{"line":3,"column":0},"end":{"line":13,"column":1}},"3":{"start":{"line":4,"column":2},"end":{"line":12,"column":4}},"4":{"start":{"line":5,"column":4},"end":{"line":11,"column":6}},"5":{"start":{"line":6,"column":6},"end":{"line":10,"column":7}},"6":{"start":{"line":7,"column":8},"end":{"line":7,"column":19}},"7":{"start":{"line":9,"column":8},"end":{"line":9,"column":21}},"8":{"start":{"line":14,"column":0},"end":{"line":16,"column":1}}},"branchMap":{"1":{"line":6,"type":"if","locations":[{"start":{"line":6,"column":6},"end":{"line":6,"column":6}},{"start":{"line":6,"column":6},"end":{"line":6,"column":6}}]}}},"C:\\meusprojetos\\testes\\negocios\\juros.test.js":{"path":"C:\\meusprojetos\\testes\\negocios\\juros.test.js","s":{"1":1,"2":1,"3":1,"4":1,"5":1,"6":1,"7":1,"8":1},"b":{},"f":{},"fnMap":{},"statementMap":{"1":{"start":{"line":1,"column":0},"end":{"line":1,"column":32}},"2":{"start":{"line":2,"column":0},"end":{"line":2,"column":37}},"3":{"start":{"line":4,"column":0},"end":{"line":11,"column":2}},"4":{"start":{"line":5,"column":0},"end":{"line":10,"column":2}},"5":{"start":{"line":6,"column":2},"end":{"line":6,"column":46}},"6":{"start":{"line":7,"column":2},"end":{"line":7,"column":29}},"7":{"start":{"line":8,"column":2},"end":{"line":8,"column":46}},"8":{"start":{"line":9,"column":2},"end":{"line":9,"column":33}}},"branchMap":{}},"C:\\meusprojetos\\testes\\negocios\\juros.js":{"path":"C:\\meusprojetos\\testes\\negocios\\juros.js","s":{"1":1,"2":2,"3":1},"b":{},"f":{},"fnMap":{},"statementMap":{"1":{"start":{"line":1,"column":0},"end":{"line":1,"column":51}},"2":{"start":{"line":1,"column":31},"end":{"line":1,"column":51}},"3":{"start":{"line":3,"column":0},"end":{"line":5,"column":1}}},"branchMap":{}}}